This is pdfTeX, Version 3.14159265-2.6-1.40.18 (TeX Live 2017/Debian) (preloaded format=latex 2018.10.12)  13 MAR 2019 18:57
entering extended mode
 restricted \write18 enabled.
 %&-line parsing enabled.
**dgruyter.ins
(./dgruyter.ins
LaTeX2e <2017-04-15>
Babel <3.18> and hyphenation patterns for 84 language(s) loaded.
(/usr/share/texlive/texmf-dist/tex/latex/base/docstrip.tex
\blockLevel=\count79
\emptyLines=\count80
\processedLines=\count81
\commentsRemoved=\count82
\commentsPassed=\count83
\codeLinesPassed=\count84
\TotalprocessedLines=\count85
\TotalcommentsRemoved=\count86
\TotalcommentsPassed=\count87
\TotalcodeLinesPassed=\count88
\NumberOfFiles=\count89
\inFile=\read1
\inputcheck=\read2
\off@0=\count90
\off@1=\count91
\off@2=\count92
\off@3=\count93
\off@4=\count94
\off@5=\count95
\off@6=\count96
\off@7=\count97
\off@8=\count98
\off@9=\count99
\off@10=\count100
\off@11=\count101
\off@12=\count102
\off@13=\count103
\off@14=\count104
\off@15=\count105
\@maxfiles=\count106
\@maxoutfiles=\count107

Utility: `docstrip' 2.5e <2014/09/29>
English documentation    <2017/03/13>

**********************************************************
* This program converts documented macro-files into fast *
* loadable files by stripping off (nearly) all comments! *
**********************************************************

********************************************************
* No Configuration file found, using default settings. *
********************************************************

)

Generating file(s) ./dgruyter.sty ./dgruyter.ist ./dgruyter.xdy 
\openout0 = `./dgruyter.sty'.

\openout1 = `./dgruyter.ist'.

\openout2 = `./dgruyter.xdy'.


Processing file dgruyter.dtx (package) -> dgruyter.sty
                             (ist) -> dgruyter.ist
                             (xdy) -> dgruyter.xdy
File dgruyter.dtx ended by \endinput.
Lines  processed: 4287
Comments removed: 1209
Comments  passed: 0
Codelines passed: 3064

***********************************************************
*                                                         *
* To finish the installation you have to move the         *
* following files into a directory searched by TeX:       *
*                                                         *
*    dgruyter.sty                                         *
*    dgruyter.ist                                         *
*    dgruyter.xdy                                         *
*    (as well as the logo and vignette files)             *
*                                                         *
* To produce the documentation run the file dgruyter.dtx  *
* through LaTeX.                                          *
*                                                         *
* Happy TeXing!                                           *
*                                                         *
***********************************************************
 ) 
Here is how much of TeX's memory you used:
 332 strings out of 492983
 3384 string characters out of 6134921
 58870 words of memory out of 5000000
 3990 multiletter control sequences out of 15000+600000
 3640 words of font info for 14 fonts, out of 8000000 for 9000
 1141 hyphenation exceptions out of 8191
 11i,0n,15p,211b,147s stack positions out of 5000i,500n,10000p,200000b,80000s

No pages of output.
